<?xml version="1.0" encoding="UTF-8"?>
<!-- Generated by org.testng.reporters.JUnitXMLReporter -->
<testsuite hostname="Ved" ignored="0" name="RegressionTest" tests="37" failures="0" timestamp="2024-02-19T23:47:34 EST" time="577.078" errors="0">
  <testcase name="loginErrorMessage1" time="0.408" classname="com.bhumi.SampleMaven.AutomationTests.TC01"/>
  <testcase name="loginErrorMessage2" time="4.501" classname="com.bhumi.SampleMaven.AutomationTests.TC02"/>
  <testcase name="loginErrorMessage3" time="4.653" classname="com.bhumi.SampleMaven.AutomationTests.TC03"/>
  <testcase name="verifySalesforceUserMenu" time="3.624" classname="com.bhumi.SampleMaven.AutomationTests.TC05"/>
  <testcase name="verifyMyProfile" time="23.048" classname="com.bhumi.SampleMaven.AutomationTests.TC06"/>
  <testcase name="verifyMySettings" time="24.618" classname="com.bhumi.SampleMaven.AutomationTests.TC07"/>
  <testcase name="verifyDevConsole" time="14.844" classname="com.bhumi.SampleMaven.AutomationTests.TC08"/>
  <testcase name="verifyLogout" time="3.49" classname="com.bhumi.SampleMaven.AutomationTests.TC09"/>
  <testcase name="createAccount" time="6.546" classname="com.bhumi.SampleMaven.AutomationTests.TC10"/>
  <testcase name="verifyAccountTab" time="42.355" classname="com.bhumi.SampleMaven.AutomationTests.TC10a"/>
  <testcase name="createNewAccountView" time="5.292" classname="com.bhumi.SampleMaven.AutomationTests.TC11"/>
  <testcase name="EditNewAccountView" time="15.687" classname="com.bhumi.SampleMaven.AutomationTests.TC12"/>
  <testcase name="MergeAccounts" time="15.212" classname="com.bhumi.SampleMaven.AutomationTests.TC13"/>
  <testcase name="CreateAccountsReport" time="40.043" classname="com.bhumi.SampleMaven.AutomationTests.TC14"/>
  <testcase name="verifyOpportunityDropDown" time="4.216" classname="com.bhumi.SampleMaven.AutomationTests.TC15"/>
  <testcase name="createNewOpportunity" time="6.677" classname="com.bhumi.SampleMaven.AutomationTests.TC16"/>
  <testcase name="verifyOpportunityPipeline" time="5.793" classname="com.bhumi.SampleMaven.AutomationTests.TC17"/>
  <testcase name="verifyStuckOpportunities" time="8.748" classname="com.bhumi.SampleMaven.AutomationTests.TC18"/>
  <testcase name="verifyOpportunityReport" time="5.726" classname="com.bhumi.SampleMaven.AutomationTests.TC19"/>
  <testcase name="verifyLeadsPage" time="4.042" classname="com.bhumi.SampleMaven.AutomationTests.TC20"/>
  <testcase name="verifyLeadsViewDropDown" time="5.409" classname="com.bhumi.SampleMaven.AutomationTests.TC21"/>
  <testcase name="verifyLeadsList" time="8.836" classname="com.bhumi.SampleMaven.AutomationTests.TC22"/>
  <testcase name="verifyTodaysList" time="14.149" classname="com.bhumi.SampleMaven.AutomationTests.TC23"/>
  <testcase name="createNewLeads" time="6.876" classname="com.bhumi.SampleMaven.AutomationTests.TC24"/>
  <testcase name="createNewContacts" time="5.469" classname="com.bhumi.SampleMaven.AutomationTests.TC25"/>
  <testcase name="createContactView" time="14.026" classname="com.bhumi.SampleMaven.AutomationTests.TC26"/>
  <testcase name="verifyRecentContactDropDown" time="6.595" classname="com.bhumi.SampleMaven.AutomationTests.TC27"/>
  <testcase name="verifyMyContacts" time="13.925" classname="com.bhumi.SampleMaven.AutomationTests.TC28"/>
  <testcase name="getContactDetails" time="5.531" classname="com.bhumi.SampleMaven.AutomationTests.TC29"/>
  <testcase name="verifyNewContactRequiredFieldError" time="4.54" classname="com.bhumi.SampleMaven.AutomationTests.TC30"/>
  <testcase name="CancelNewContact" time="4.403" classname="com.bhumi.SampleMaven.AutomationTests.TC31"/>
  <testcase name="verifyNewContactsaveandnew" time="7.243" classname="com.bhumi.SampleMaven.AutomationTests.TC32"/>
  <testcase name="verifyHomePageUserName" time="6.706" classname="com.bhumi.SampleMaven.AutomationTests.TC33"/>
  <testcase name="verifyHomeLastNameEdit" time="9.273" classname="com.bhumi.SampleMaven.AutomationTests.TC34"/>
  <testcase name="verifyTabCustomize" time="47.682" classname="com.bhumi.SampleMaven.AutomationTests.TC35"/>
  <testcase name="verifyCalendarEventBlock" time="19.021" classname="com.bhumi.SampleMaven.AutomationTests.TC36"/>
  <testcase name="verifyCalendarEventBlock" time="39.971" classname="com.bhumi.SampleMaven.AutomationTests.TC37"/>
</testsuite> <!-- RegressionTest -->
